Using pre-set license
Built from '2020.3/staging' branch; Version is '2020.3.32f1 (12f8b0834f07) revision 1243312'; Using compiler version '192528614'; Build Type 'Release'
OS: 'Windows 10  (10.0.19044) 64bit Professional' Language: 'ru' Physical Memory: 8012 MB
BatchMode: 1, IsHumanControllingUs: 0, StartBugReporterOnCrash: 0, Is64bit: 1, IsPro: 0

COMMAND LINE ARGUMENTS:
C:\Program Files\Unity\Hub\Editor\2020.3.32f1\Editor\Unity.exe
-adb2
-batchMode
-noUpm
-name
AssetImportWorker0
-projectPath
G:/Project/Pillow maniac
-logFile
Logs/AssetImportWorker0.log
-srvPort
60566
Successfully changed project path to: G:/Project/Pillow maniac
G:/Project/Pillow maniac
Using Asset Import Pipeline V2.
Refreshing native plugins compatible for Editor in 479.35 ms, found 5 plugins.
Preloading 0 native plugins for Editor in 0.00 ms.
Initialize engine version: 2020.3.32f1 (12f8b0834f07)
[Subsystems] Discovering subsystems at path C:/Program Files/Unity/Hub/Editor/2020.3.32f1/Editor/Data/Resources/UnitySubsystems
[Subsystems] Discovering subsystems at path G:/Project/Pillow maniac/Assets
GfxDevice: creating device client; threaded=0
Direct3D:
    Version:  Direct3D 11.0 [level 11.1]
    Renderer: NVIDIA GeForce MX150 (ID=0x1d10)
    Vendor:   
    VRAM:     1983 MB
    Driver:   31.0.15.1659
Initialize mono
Mono path[0] = 'C:/Program Files/Unity/Hub/Editor/2020.3.32f1/Editor/Data/Managed'
Mono path[1] = 'C:/Program Files/Unity/Hub/Editor/2020.3.32f1/Editor/Data/MonoBleedingEdge/lib/mono/unityjit'
Mono config path = 'C:/Program Files/Unity/Hub/Editor/2020.3.32f1/Editor/Data/MonoBleedingEdge/etc'
Using monoOptions --debugger-agent=transport=dt_socket,embedding=1,server=y,suspend=n,address=127.0.0.1:56204
Begin MonoManager ReloadAssembly
Registering precompiled unity dll's ...
Register platform support module: C:/Program Files/Unity/Hub/Editor/2020.3.32f1/Editor/Data/PlaybackEngines/WindowsStandaloneSupport/UnityEditor.WindowsStandalone.Extensions.dll
Registered in 0.018447 seconds.
Native extension for WindowsStandalone target not found
Refreshing native plugins compatible for Editor in 316.03 ms, found 5 plugins.
Preloading 0 native plugins for Editor in 0.00 ms.
Mono: successfully reloaded assembly
- Completed reload, in  5.111 seconds
Domain Reload Profiling:
	ReloadAssembly (5112ms)
		BeginReloadAssembly (444ms)
			ExecutionOrderSort (0ms)
			DisableScriptedObjects (0ms)
			BackupInstance (0ms)
			ReleaseScriptingObjects (0ms)
			CreateAndSetChildDomain (4ms)
		EndReloadAssembly (4143ms)
			LoadAssemblies (428ms)
			RebuildTransferFunctionScriptingTraits (1ms)
			SetupTypeCache (1214ms)
			ReleaseScriptCaches (0ms)
			RebuildScriptCaches (272ms)
			SetupLoadedEditorAssemblies (1304ms)
				LogAssemblyErrors (0ms)
				InitializePlatformSupportModulesInManaged (50ms)
				SetLoadedEditorAssemblies (1ms)
				RefreshPlugins (316ms)
				BeforeProcessingInitializeOnLoad (66ms)
				ProcessInitializeOnLoadAttributes (683ms)
				ProcessInitializeOnLoadMethodAttributes (186ms)
				AfterProcessingInitializeOnLoad (0ms)
				EditorAssembliesLoaded (1ms)
			ExecutionOrderSort2 (0ms)
			AwakeInstancesAfterBackupRestoration (0ms)
Platform modules already initialized, skipping
Registering precompiled user dll's ...
Registered in 0.017901 seconds.
Begin MonoManager ReloadAssembly
Native extension for WindowsStandalone target not found
Refreshing native plugins compatible for Editor in 1.97 ms, found 5 plugins.
Preloading 0 native plugins for Editor in 0.00 ms.
Mono: successfully reloaded assembly
- Completed reload, in  5.955 seconds
Domain Reload Profiling:
	ReloadAssembly (5959ms)
		BeginReloadAssembly (883ms)
			ExecutionOrderSort (0ms)
			DisableScriptedObjects (31ms)
			BackupInstance (0ms)
			ReleaseScriptingObjects (0ms)
			CreateAndSetChildDomain (86ms)
		EndReloadAssembly (4720ms)
			LoadAssemblies (539ms)
			RebuildTransferFunctionScriptingTraits (0ms)
			SetupTypeCache (1785ms)
			ReleaseScriptCaches (2ms)
			RebuildScriptCaches (250ms)
			SetupLoadedEditorAssemblies (1677ms)
				LogAssemblyErrors (0ms)
				InitializePlatformSupportModulesInManaged (28ms)
				SetLoadedEditorAssemblies (2ms)
				RefreshPlugins (2ms)
				BeforeProcessingInitializeOnLoad (380ms)
				ProcessInitializeOnLoadAttributes (1167ms)
				ProcessInitializeOnLoadMethodAttributes (49ms)
				AfterProcessingInitializeOnLoad (48ms)
				EditorAssembliesLoaded (1ms)
			ExecutionOrderSort2 (0ms)
			AwakeInstancesAfterBackupRestoration (36ms)
Platform modules already initialized, skipping
========================================================================
Worker process is ready to serve import requests
Launched and connected shader compiler UnityShaderCompiler.exe after 0.50 seconds
Refreshing native plugins compatible for Editor in 1.85 ms, found 5 plugins.
Preloading 0 native plugins for Editor in 0.00 ms.
Unloading 1657 Unused Serialized files (Serialized files now loaded: 0)
System memory in use before: 75.4 MB.
System memory in use after: 75.5 MB.

Unloading 23 unused Assets to reduce memory usage. Loaded Objects now: 2088.
Total: 13.797900 ms (FindLiveObjects: 0.649500 ms CreateObjectMapping: 0.228200 ms MarkObjects: 12.583100 ms  DeleteObjects: 0.333300 ms)

AssetImportParameters requested are different than current active one (requested -> active):
  custom:framework-win-MediaFoundation: 216162199b28c13a410421893ffa2e32 -> 
  custom:video-decoder-ogg-theora: a1e56fd34408186e4bbccfd4996cb3dc -> 
  custom:container-muxer-webm: aa71ff27fc2769a1b78a27578f13a17b -> 
  custom:container-demuxer-webm: 4f35f7cbe854078d1ac9338744f61a02 -> 
  custom:container-demuxer-ogg: 62fdf1f143b41e24485cea50d1cbac27 -> 
  custom:video-encoder-webm-vp8: eb34c28f22e8b96e1ab97ce403110664 -> 
  custom:video-decoder-webm-vp8: 9c59270c3fd7afecdb556c50c9e8de78 -> 
  custom:audio-decoder-ogg-vorbis: bf7c407c2cedff20999df2af8eb42d56 -> 
  custom:audio-encoder-webm-vorbis: bf7c407c2cedff20999df2af8eb42d56 -> 
========================================================================
Received Import Request.
  path: Assets/Script/CuberScript.cs
  artifactKey: Guid(2e8edf15a56ad44449f361adcf58d1cd) Importer(815301076,1909f56bfc062723c751e8b465ee728b)
Start importing Assets/Script/CuberScript.cs using Guid(2e8edf15a56ad44449f361adcf58d1cd) Importer(815301076,1909f56bfc062723c751e8b465ee728b)  -> (artifact id: 'e5850466bfa216eea5265cb5058e81d5') in 0.194996 seconds 
========================================================================
Received Import Request.
  Time since last request: 5.651895 seconds.
  path: Assets/Mini First Person Controller/Scripts/FirstPersonMovement.cs
  artifactKey: Guid(97fca36bd81de7c4cafce7bbf02ca611) Importer(815301076,1909f56bfc062723c751e8b465ee728b)
Start importing Assets/Mini First Person Controller/Scripts/FirstPersonMovement.cs using Guid(97fca36bd81de7c4cafce7bbf02ca611) Importer(815301076,1909f56bfc062723c751e8b465ee728b)  -> (artifact id: 'cb16123a78c7b5d7ac4e33cd520e1dd0') in 0.035375 seconds 
========================================================================
Received Prepare
Registering precompiled user dll's ...
Registered in 0.017915 seconds.
Begin MonoManager ReloadAssembly
Native extension for WindowsStandalone target not found
Refreshing native plugins compatible for Editor in 2.01 ms, found 5 plugins.
Preloading 0 native plugins for Editor in 0.00 ms.
Mono: successfully reloaded assembly
- Completed reload, in  4.884 seconds
Domain Reload Profiling:
	ReloadAssembly (4886ms)
		BeginReloadAssembly (589ms)
			ExecutionOrderSort (0ms)
			DisableScriptedObjects (26ms)
			BackupInstance (0ms)
			ReleaseScriptingObjects (0ms)
			CreateAndSetChildDomain (138ms)
		EndReloadAssembly (3911ms)
			LoadAssemblies (529ms)
			RebuildTransferFunctionScriptingTraits (0ms)
			SetupTypeCache (1448ms)
			ReleaseScriptCaches (3ms)
			RebuildScriptCaches (222ms)
			SetupLoadedEditorAssemblies (1353ms)
				LogAssemblyErrors (0ms)
				InitializePlatformSupportModulesInManaged (22ms)
				SetLoadedEditorAssemblies (2ms)
				RefreshPlugins (2ms)
				BeforeProcessingInitializeOnLoad (288ms)
				ProcessInitializeOnLoadAttributes (952ms)
				ProcessInitializeOnLoadMethodAttributes (43ms)
				AfterProcessingInitializeOnLoad (42ms)
				EditorAssembliesLoaded (1ms)
			ExecutionOrderSort2 (0ms)
			AwakeInstancesAfterBackupRestoration (32ms)
Platform modules already initialized, skipping
Refreshing native plugins compatible for Editor in 2.05 ms, found 5 plugins.
Preloading 0 native plugins for Editor in 0.00 ms.
Unloading 1646 Unused Serialized files (Serialized files now loaded: 0)
System memory in use before: 74.7 MB.
System memory in use after: 74.8 MB.

Unloading 18 unused Assets to reduce memory usage. Loaded Objects now: 2092.
Total: 14.460700 ms (FindLiveObjects: 0.663000 ms CreateObjectMapping: 0.425600 ms MarkObjects: 13.203900 ms  DeleteObjects: 0.164600 ms)

AssetImportParameters requested are different than current active one (requested -> active):
  custom:framework-win-MediaFoundation: 216162199b28c13a410421893ffa2e32 -> 
  custom:video-decoder-ogg-theora: a1e56fd34408186e4bbccfd4996cb3dc -> 
  custom:container-muxer-webm: aa71ff27fc2769a1b78a27578f13a17b -> 
  custom:container-demuxer-webm: 4f35f7cbe854078d1ac9338744f61a02 -> 
  custom:container-demuxer-ogg: 62fdf1f143b41e24485cea50d1cbac27 -> 
  custom:video-encoder-webm-vp8: eb34c28f22e8b96e1ab97ce403110664 -> 
  custom:video-decoder-webm-vp8: 9c59270c3fd7afecdb556c50c9e8de78 -> 
  custom:audio-decoder-ogg-vorbis: bf7c407c2cedff20999df2af8eb42d56 -> 
  custom:audio-encoder-webm-vorbis: bf7c407c2cedff20999df2af8eb42d56 -> 
========================================================================
Received Prepare
Registering precompiled user dll's ...
Registered in 0.018840 seconds.
Begin MonoManager ReloadAssembly
Native extension for WindowsStandalone target not found
Refreshing native plugins compatible for Editor in 3.01 ms, found 5 plugins.
Preloading 0 native plugins for Editor in 0.00 ms.
Mono: successfully reloaded assembly
- Completed reload, in  4.870 seconds
Domain Reload Profiling:
	ReloadAssembly (4871ms)
		BeginReloadAssembly (567ms)
			ExecutionOrderSort (0ms)
			DisableScriptedObjects (26ms)
			BackupInstance (0ms)
			ReleaseScriptingObjects (0ms)
			CreateAndSetChildDomain (128ms)
		EndReloadAssembly (3822ms)
			LoadAssemblies (518ms)
			RebuildTransferFunctionScriptingTraits (0ms)
			SetupTypeCache (1347ms)
			ReleaseScriptCaches (3ms)
			RebuildScriptCaches (219ms)
			SetupLoadedEditorAssemblies (1369ms)
				LogAssemblyErrors (0ms)
				InitializePlatformSupportModulesInManaged (21ms)
				SetLoadedEditorAssemblies (2ms)
				RefreshPlugins (3ms)
				BeforeProcessingInitializeOnLoad (298ms)
				ProcessInitializeOnLoadAttributes (957ms)
				ProcessInitializeOnLoadMethodAttributes (46ms)
				AfterProcessingInitializeOnLoad (40ms)
				EditorAssembliesLoaded (1ms)
			ExecutionOrderSort2 (0ms)
			AwakeInstancesAfterBackupRestoration (37ms)
Platform modules already initialized, skipping
Refreshing native plugins compatible for Editor in 1.92 ms, found 5 plugins.
Preloading 0 native plugins for Editor in 0.00 ms.
Unloading 1645 Unused Serialized files (Serialized files now loaded: 0)
System memory in use before: 74.7 MB.
System memory in use after: 74.8 MB.

Unloading 19 unused Assets to reduce memory usage. Loaded Objects now: 2094.
Total: 14.541100 ms (FindLiveObjects: 0.671200 ms CreateObjectMapping: 0.242800 ms MarkObjects: 13.533100 ms  DeleteObjects: 0.090100 ms)

AssetImportParameters requested are different than current active one (requested -> active):
  custom:framework-win-MediaFoundation: 216162199b28c13a410421893ffa2e32 -> 
  custom:video-decoder-ogg-theora: a1e56fd34408186e4bbccfd4996cb3dc -> 
  custom:container-muxer-webm: aa71ff27fc2769a1b78a27578f13a17b -> 
  custom:container-demuxer-webm: 4f35f7cbe854078d1ac9338744f61a02 -> 
  custom:container-demuxer-ogg: 62fdf1f143b41e24485cea50d1cbac27 -> 
  custom:video-encoder-webm-vp8: eb34c28f22e8b96e1ab97ce403110664 -> 
  custom:video-decoder-webm-vp8: 9c59270c3fd7afecdb556c50c9e8de78 -> 
  custom:audio-decoder-ogg-vorbis: bf7c407c2cedff20999df2af8eb42d56 -> 
  custom:audio-encoder-webm-vorbis: bf7c407c2cedff20999df2af8eb42d56 -> 
========================================================================
Received Prepare
Registering precompiled user dll's ...
Registered in 0.018796 seconds.
Begin MonoManager ReloadAssembly
Native extension for WindowsStandalone target not found
Refreshing native plugins compatible for Editor in 2.04 ms, found 5 plugins.
Preloading 0 native plugins for Editor in 0.00 ms.
Mono: successfully reloaded assembly
- Completed reload, in  4.879 seconds
Domain Reload Profiling:
	ReloadAssembly (4882ms)
		BeginReloadAssembly (572ms)
			ExecutionOrderSort (0ms)
			DisableScriptedObjects (25ms)
			BackupInstance (0ms)
			ReleaseScriptingObjects (0ms)
			CreateAndSetChildDomain (139ms)
		EndReloadAssembly (3908ms)
			LoadAssemblies (530ms)
			RebuildTransferFunctionScriptingTraits (0ms)
			SetupTypeCache (1399ms)
			ReleaseScriptCaches (3ms)
			RebuildScriptCaches (217ms)
			SetupLoadedEditorAssemblies (1380ms)
				LogAssemblyErrors (0ms)
				InitializePlatformSupportModulesInManaged (22ms)
				SetLoadedEditorAssemblies (4ms)
				RefreshPlugins (2ms)
				BeforeProcessingInitializeOnLoad (290ms)
				ProcessInitializeOnLoadAttributes (972ms)
				ProcessInitializeOnLoadMethodAttributes (43ms)
				AfterProcessingInitializeOnLoad (45ms)
				EditorAssembliesLoaded (1ms)
			ExecutionOrderSort2 (0ms)
			AwakeInstancesAfterBackupRestoration (32ms)
Platform modules already initialized, skipping
Refreshing native plugins compatible for Editor in 2.13 ms, found 5 plugins.
Preloading 0 native plugins for Editor in 0.00 ms.
Unloading 1645 Unused Serialized files (Serialized files now loaded: 0)
System memory in use before: 74.7 MB.
System memory in use after: 74.8 MB.

Unloading 18 unused Assets to reduce memory usage. Loaded Objects now: 2097.
Total: 12.205300 ms (FindLiveObjects: 0.638900 ms CreateObjectMapping: 0.242200 ms MarkObjects: 11.235600 ms  DeleteObjects: 0.084400 ms)

AssetImportParameters requested are different than current active one (requested -> active):
  custom:framework-win-MediaFoundation: 216162199b28c13a410421893ffa2e32 -> 
  custom:video-decoder-ogg-theora: a1e56fd34408186e4bbccfd4996cb3dc -> 
  custom:container-muxer-webm: aa71ff27fc2769a1b78a27578f13a17b -> 
  custom:container-demuxer-webm: 4f35f7cbe854078d1ac9338744f61a02 -> 
  custom:container-demuxer-ogg: 62fdf1f143b41e24485cea50d1cbac27 -> 
  custom:video-encoder-webm-vp8: eb34c28f22e8b96e1ab97ce403110664 -> 
  custom:video-decoder-webm-vp8: 9c59270c3fd7afecdb556c50c9e8de78 -> 
  custom:audio-decoder-ogg-vorbis: bf7c407c2cedff20999df2af8eb42d56 -> 
  custom:audio-encoder-webm-vorbis: bf7c407c2cedff20999df2af8eb42d56 -> 
========================================================================
Received Prepare
Registering precompiled user dll's ...
Registered in 0.019388 seconds.
Begin MonoManager ReloadAssembly
Native extension for WindowsStandalone target not found
Refreshing native plugins compatible for Editor in 2.39 ms, found 5 plugins.
Preloading 0 native plugins for Editor in 0.00 ms.
Mono: successfully reloaded assembly
- Completed reload, in  8.554 seconds
Domain Reload Profiling:
	ReloadAssembly (8556ms)
		BeginReloadAssembly (897ms)
			ExecutionOrderSort (0ms)
			DisableScriptedObjects (59ms)
			BackupInstance (0ms)
			ReleaseScriptingObjects (1ms)
			CreateAndSetChildDomain (189ms)
		EndReloadAssembly (7046ms)
			LoadAssemblies (923ms)
			RebuildTransferFunctionScriptingTraits (0ms)
			SetupTypeCache (2584ms)
			ReleaseScriptCaches (3ms)
			RebuildScriptCaches (423ms)
			SetupLoadedEditorAssemblies (2468ms)
				LogAssemblyErrors (0ms)
				InitializePlatformSupportModulesInManaged (32ms)
				SetLoadedEditorAssemblies (2ms)
				RefreshPlugins (3ms)
				BeforeProcessingInitializeOnLoad (539ms)
				ProcessInitializeOnLoadAttributes (1792ms)
				ProcessInitializeOnLoadMethodAttributes (54ms)
				AfterProcessingInitializeOnLoad (44ms)
				EditorAssembliesLoaded (1ms)
			ExecutionOrderSort2 (0ms)
			AwakeInstancesAfterBackupRestoration (37ms)
Platform modules already initialized, skipping
Refreshing native plugins compatible for Editor in 1.86 ms, found 5 plugins.
Preloading 0 native plugins for Editor in 0.00 ms.
Unloading 1645 Unused Serialized files (Serialized files now loaded: 0)
System memory in use before: 74.7 MB.
System memory in use after: 74.9 MB.

Unloading 18 unused Assets to reduce memory usage. Loaded Objects now: 2100.
Total: 12.859600 ms (FindLiveObjects: 0.689000 ms CreateObjectMapping: 0.263300 ms MarkObjects: 11.817700 ms  DeleteObjects: 0.085400 ms)

AssetImportParameters requested are different than current active one (requested -> active):
  custom:framework-win-MediaFoundation: 216162199b28c13a410421893ffa2e32 -> 
  custom:video-decoder-ogg-theora: a1e56fd34408186e4bbccfd4996cb3dc -> 
  custom:container-muxer-webm: aa71ff27fc2769a1b78a27578f13a17b -> 
  custom:container-demuxer-webm: 4f35f7cbe854078d1ac9338744f61a02 -> 
  custom:container-demuxer-ogg: 62fdf1f143b41e24485cea50d1cbac27 -> 
  custom:video-encoder-webm-vp8: eb34c28f22e8b96e1ab97ce403110664 -> 
  custom:video-decoder-webm-vp8: 9c59270c3fd7afecdb556c50c9e8de78 -> 
  custom:audio-decoder-ogg-vorbis: bf7c407c2cedff20999df2af8eb42d56 -> 
  custom:audio-encoder-webm-vorbis: bf7c407c2cedff20999df2af8eb42d56 -> 
========================================================================
Received Prepare
Registering precompiled user dll's ...
Registered in 0.020624 seconds.
Begin MonoManager ReloadAssembly
Native extension for WindowsStandalone target not found
Refreshing native plugins compatible for Editor in 2.30 ms, found 5 plugins.
Preloading 0 native plugins for Editor in 0.00 ms.
Mono: successfully reloaded assembly
- Completed reload, in  5.367 seconds
Domain Reload Profiling:
	ReloadAssembly (5370ms)
		BeginReloadAssembly (604ms)
			ExecutionOrderSort (0ms)
			DisableScriptedObjects (36ms)
			BackupInstance (0ms)
			ReleaseScriptingObjects (0ms)
			CreateAndSetChildDomain (143ms)
		EndReloadAssembly (4342ms)
			LoadAssemblies (561ms)
			RebuildTransferFunctionScriptingTraits (0ms)
			SetupTypeCache (1449ms)
			ReleaseScriptCaches (3ms)
			RebuildScriptCaches (228ms)
			SetupLoadedEditorAssemblies (1628ms)
				LogAssemblyErrors (0ms)
				InitializePlatformSupportModulesInManaged (36ms)
				SetLoadedEditorAssemblies (7ms)
				RefreshPlugins (3ms)
				BeforeProcessingInitializeOnLoad (361ms)
				ProcessInitializeOnLoadAttributes (1119ms)
				ProcessInitializeOnLoadMethodAttributes (51ms)
				AfterProcessingInitializeOnLoad (50ms)
				EditorAssembliesLoaded (1ms)
			ExecutionOrderSort2 (0ms)
			AwakeInstancesAfterBackupRestoration (41ms)
Platform modules already initialized, skipping
Refreshing native plugins compatible for Editor in 3.42 ms, found 5 plugins.
Preloading 0 native plugins for Editor in 0.00 ms.
Unloading 1645 Unused Serialized files (Serialized files now loaded: 0)
System memory in use before: 74.8 MB.
System memory in use after: 74.9 MB.

Unloading 18 unused Assets to reduce memory usage. Loaded Objects now: 2103.
Total: 21.660900 ms (FindLiveObjects: 0.877000 ms CreateObjectMapping: 0.275900 ms MarkObjects: 20.401600 ms  DeleteObjects: 0.102100 ms)

AssetImportParameters requested are different than current active one (requested -> active):
  custom:framework-win-MediaFoundation: 216162199b28c13a410421893ffa2e32 -> 
  custom:video-decoder-ogg-theora: a1e56fd34408186e4bbccfd4996cb3dc -> 
  custom:container-muxer-webm: aa71ff27fc2769a1b78a27578f13a17b -> 
  custom:container-demuxer-webm: 4f35f7cbe854078d1ac9338744f61a02 -> 
  custom:container-demuxer-ogg: 62fdf1f143b41e24485cea50d1cbac27 -> 
  custom:video-encoder-webm-vp8: eb34c28f22e8b96e1ab97ce403110664 -> 
  custom:video-decoder-webm-vp8: 9c59270c3fd7afecdb556c50c9e8de78 -> 
  custom:audio-decoder-ogg-vorbis: bf7c407c2cedff20999df2af8eb42d56 -> 
  custom:audio-encoder-webm-vorbis: bf7c407c2cedff20999df2af8eb42d56 -> 
========================================================================
Received Prepare
Registering precompiled user dll's ...
Registered in 0.018988 seconds.
Begin MonoManager ReloadAssembly
Native extension for WindowsStandalone target not found
Refreshing native plugins compatible for Editor in 3.83 ms, found 5 plugins.
Preloading 0 native plugins for Editor in 0.00 ms.
Mono: successfully reloaded assembly
- Completed reload, in  6.182 seconds
Domain Reload Profiling:
	ReloadAssembly (6183ms)
		BeginReloadAssembly (621ms)
			ExecutionOrderSort (0ms)
			DisableScriptedObjects (28ms)
			BackupInstance (0ms)
			ReleaseScriptingObjects (0ms)
			CreateAndSetChildDomain (138ms)
		EndReloadAssembly (5173ms)
			LoadAssemblies (572ms)
			RebuildTransferFunctionScriptingTraits (0ms)
			SetupTypeCache (1528ms)
			ReleaseScriptCaches (3ms)
			RebuildScriptCaches (230ms)
			SetupLoadedEditorAssemblies (2356ms)
				LogAssemblyErrors (0ms)
				InitializePlatformSupportModulesInManaged (30ms)
				SetLoadedEditorAssemblies (2ms)
				RefreshPlugins (4ms)
				BeforeProcessingInitializeOnLoad (362ms)
				ProcessInitializeOnLoadAttributes (1758ms)
				ProcessInitializeOnLoadMethodAttributes (115ms)
				AfterProcessingInitializeOnLoad (83ms)
				EditorAssembliesLoaded (1ms)
			ExecutionOrderSort2 (0ms)
			AwakeInstancesAfterBackupRestoration (75ms)
Platform modules already initialized, skipping
Refreshing native plugins compatible for Editor in 7.81 ms, found 5 plugins.
Preloading 0 native plugins for Editor in 0.00 ms.
Unloading 1645 Unused Serialized files (Serialized files now loaded: 0)
System memory in use before: 74.8 MB.
System memory in use after: 74.9 MB.

Unloading 18 unused Assets to reduce memory usage. Loaded Objects now: 2106.
Total: 25.883500 ms (FindLiveObjects: 0.740300 ms CreateObjectMapping: 0.346700 ms MarkObjects: 24.706900 ms  DeleteObjects: 0.085900 ms)

AssetImportParameters requested are different than current active one (requested -> active):
  custom:framework-win-MediaFoundation: 216162199b28c13a410421893ffa2e32 -> 
  custom:video-decoder-ogg-theora: a1e56fd34408186e4bbccfd4996cb3dc -> 
  custom:container-muxer-webm: aa71ff27fc2769a1b78a27578f13a17b -> 
  custom:container-demuxer-webm: 4f35f7cbe854078d1ac9338744f61a02 -> 
  custom:container-demuxer-ogg: 62fdf1f143b41e24485cea50d1cbac27 -> 
  custom:video-encoder-webm-vp8: eb34c28f22e8b96e1ab97ce403110664 -> 
  custom:video-decoder-webm-vp8: 9c59270c3fd7afecdb556c50c9e8de78 -> 
  custom:audio-decoder-ogg-vorbis: bf7c407c2cedff20999df2af8eb42d56 -> 
  custom:audio-encoder-webm-vorbis: bf7c407c2cedff20999df2af8eb42d56 -> 
========================================================================
Received Import Request.
  Time since last request: 2535.335963 seconds.
  path: ProjectSettings/TagManager.asset
  artifactKey: Guid(00000000000000003000000000000000) Importer(815301076,1909f56bfc062723c751e8b465ee728b)
Start importing ProjectSettings/TagManager.asset using Guid(00000000000000003000000000000000) Importer(815301076,1909f56bfc062723c751e8b465ee728b)  -> (artifact id: 'ce6a35c3cddc746e7501c0bd0ed6d4ce') in 0.165103 seconds 
========================================================================
Received Import Request.
  Time since last request: 80.463076 seconds.
  path: Assets/Prefab/Banana.prefab
  artifactKey: Guid(0708f84adee43ef4087217418093cf44) Importer(815301076,1909f56bfc062723c751e8b465ee728b)
Start importing Assets/Prefab/Banana.prefab using Guid(0708f84adee43ef4087217418093cf44) Importer(815301076,1909f56bfc062723c751e8b465ee728b)  -> (artifact id: '281414015cb33c0dc935fc911c58cd0e') in 0.450800 seconds 
========================================================================
Received Import Request.
  Time since last request: 23.024975 seconds.
  path: Assets/Prefab/Banana.prefab
  artifactKey: Guid(0708f84adee43ef4087217418093cf44) Importer(815301076,1909f56bfc062723c751e8b465ee728b)
Start importing Assets/Prefab/Banana.prefab using Guid(0708f84adee43ef4087217418093cf44) Importer(815301076,1909f56bfc062723c751e8b465ee728b)  -> (artifact id: '40645a29d08eedb1e31a3ca60a0bb496') in 0.061010 seconds 
========================================================================
Received Import Request.
  Time since last request: 7.345344 seconds.
  path: Assets/Prefab/Banana.prefab
  artifactKey: Guid(0708f84adee43ef4087217418093cf44) Importer(815301076,1909f56bfc062723c751e8b465ee728b)
Start importing Assets/Prefab/Banana.prefab using Guid(0708f84adee43ef4087217418093cf44) Importer(815301076,1909f56bfc062723c751e8b465ee728b)  -> (artifact id: '330925e58220268a697528b84889541c') in 0.076042 seconds 
========================================================================
Received Import Request.
  Time since last request: 74.245203 seconds.
  path: Assets/PickUp.cs
  artifactKey: Guid(102b21cd9d7981b46819d8a230140f74) Importer(815301076,1909f56bfc062723c751e8b465ee728b)
Start importing Assets/PickUp.cs using Guid(102b21cd9d7981b46819d8a230140f74) Importer(815301076,1909f56bfc062723c751e8b465ee728b)  -> (artifact id: 'ecabce9b1d9f96d38b47726657e516a5') in 0.094367 seconds 
========================================================================
Received Import Request.
  Time since last request: 4.877157 seconds.
  path: Assets/Cubic.cs
  artifactKey: Guid(2cdb31aae75bfcd4d8f7a1eba24706d2) Importer(815301076,1909f56bfc062723c751e8b465ee728b)
Start importing Assets/Cubic.cs using Guid(2cdb31aae75bfcd4d8f7a1eba24706d2) Importer(815301076,1909f56bfc062723c751e8b465ee728b)  -> (artifact id: 'aabf30f30c12d090a71e9faa4853620f') in 0.031018 seconds 
========================================================================
Received Prepare
Registering precompiled user dll's ...
Registered in 0.023512 seconds.
Begin MonoManager ReloadAssembly
Native extension for WindowsStandalone target not found
Refreshing native plugins compatible for Editor in 2.07 ms, found 5 plugins.
Preloading 0 native plugins for Editor in 0.00 ms.
Mono: successfully reloaded assembly
- Completed reload, in  5.726 seconds
Domain Reload Profiling:
	ReloadAssembly (5727ms)
		BeginReloadAssembly (1148ms)
			ExecutionOrderSort (0ms)
			DisableScriptedObjects (23ms)
			BackupInstance (0ms)
			ReleaseScriptingObjects (0ms)
			CreateAndSetChildDomain (144ms)
		EndReloadAssembly (4179ms)
			LoadAssemblies (1092ms)
			RebuildTransferFunctionScriptingTraits (0ms)
			SetupTypeCache (1473ms)
			ReleaseScriptCaches (3ms)
			RebuildScriptCaches (236ms)
			SetupLoadedEditorAssemblies (1506ms)
				LogAssemblyErrors (0ms)
				InitializePlatformSupportModulesInManaged (27ms)
				SetLoadedEditorAssemblies (3ms)
				RefreshPlugins (2ms)
				BeforeProcessingInitializeOnLoad (312ms)
				ProcessInitializeOnLoadAttributes (1058ms)
				ProcessInitializeOnLoadMethodAttributes (52ms)
				AfterProcessingInitializeOnLoad (51ms)
				EditorAssembliesLoaded (1ms)
			ExecutionOrderSort2 (0ms)
			AwakeInstancesAfterBackupRestoration (34ms)
Platform modules already initialized, skipping
Refreshing native plugins compatible for Editor in 11.77 ms, found 5 plugins.
Preloading 0 native plugins for Editor in 0.00 ms.
Unloading 1646 Unused Serialized files (Serialized files now loaded: 0)
System memory in use before: 77.9 MB.
System memory in use after: 78.0 MB.

Unloading 19 unused Assets to reduce memory usage. Loaded Objects now: 2117.
Total: 24.899400 ms (FindLiveObjects: 0.687100 ms CreateObjectMapping: 0.394400 ms MarkObjects: 23.716800 ms  DeleteObjects: 0.095600 ms)

AssetImportParameters requested are different than current active one (requested -> active):
  custom:framework-win-MediaFoundation: 216162199b28c13a410421893ffa2e32 -> 
  custom:video-decoder-ogg-theora: a1e56fd34408186e4bbccfd4996cb3dc -> 
  custom:container-muxer-webm: aa71ff27fc2769a1b78a27578f13a17b -> 
  custom:container-demuxer-webm: 4f35f7cbe854078d1ac9338744f61a02 -> 
  custom:container-demuxer-ogg: 62fdf1f143b41e24485cea50d1cbac27 -> 
  custom:video-encoder-webm-vp8: eb34c28f22e8b96e1ab97ce403110664 -> 
  custom:video-decoder-webm-vp8: 9c59270c3fd7afecdb556c50c9e8de78 -> 
  custom:audio-decoder-ogg-vorbis: bf7c407c2cedff20999df2af8eb42d56 -> 
  custom:audio-encoder-webm-vorbis: bf7c407c2cedff20999df2af8eb42d56 -> 
========================================================================
Received Import Request.
  Time since last request: 827.745442 seconds.
  path: Assets/Prefab/Hotdog.prefab
  artifactKey: Guid(cc9f610e448812e4091b4c69daadbfa9) Importer(815301076,1909f56bfc062723c751e8b465ee728b)
Start importing Assets/Prefab/Hotdog.prefab using Guid(cc9f610e448812e4091b4c69daadbfa9) Importer(815301076,1909f56bfc062723c751e8b465ee728b)  -> (artifact id: 'bad7dc3403ebe3ce64ddc914d3f1adce') in 0.313163 seconds 
========================================================================
Received Import Request.
  Time since last request: 7.945231 seconds.
  path: Assets/Prefab/Watermelon.prefab
  artifactKey: Guid(b6d3c2b3696ae3143aa859d24a8d75c0) Importer(815301076,1909f56bfc062723c751e8b465ee728b)
Start importing Assets/Prefab/Watermelon.prefab using Guid(b6d3c2b3696ae3143aa859d24a8d75c0) Importer(815301076,1909f56bfc062723c751e8b465ee728b)  -> (artifact id: 'abb897df84b3b41a9f36d7ca28b6d965') in 0.064687 seconds 
========================================================================
Received Import Request.
  Time since last request: 3.709089 seconds.
  path: Assets/Prefab/Olive.prefab
  artifactKey: Guid(e7d409b8962a01848ae04d57355d8dce) Importer(815301076,1909f56bfc062723c751e8b465ee728b)
Start importing Assets/Prefab/Olive.prefab using Guid(e7d409b8962a01848ae04d57355d8dce) Importer(815301076,1909f56bfc062723c751e8b465ee728b)  -> (artifact id: '9248f2a9d0884df995e464c056d39ae7') in 0.066311 seconds 
========================================================================
Received Import Request.
  Time since last request: 5.357458 seconds.
  path: Assets/Prefab/Cheese.prefab
  artifactKey: Guid(7b37cd92421d40942ad79a69fd34e018) Importer(815301076,1909f56bfc062723c751e8b465ee728b)
Start importing Assets/Prefab/Cheese.prefab using Guid(7b37cd92421d40942ad79a69fd34e018) Importer(815301076,1909f56bfc062723c751e8b465ee728b)  -> (artifact id: 'f9b60797f1330e273006f1d5225622ea') in 0.084750 seconds 
========================================================================
Received Import Request.
  Time since last request: 4.033869 seconds.
  path: Assets/Prefab/Cherry.prefab
  artifactKey: Guid(dc6e1b47d74a7e14dbc84ef755ea3a47) Importer(815301076,1909f56bfc062723c751e8b465ee728b)
Start importing Assets/Prefab/Cherry.prefab using Guid(dc6e1b47d74a7e14dbc84ef755ea3a47) Importer(815301076,1909f56bfc062723c751e8b465ee728b)  -> (artifact id: '6e13adfaba869970b1e388028a12c12c') in 0.064565 seconds 
========================================================================
Received Import Request.
  Time since last request: 3.730720 seconds.
  path: Assets/Prefab/Hamburger.prefab
  artifactKey: Guid(96dc7831212713d40ad265e8595d77a4) Importer(815301076,1909f56bfc062723c751e8b465ee728b)
Start importing Assets/Prefab/Hamburger.prefab using Guid(96dc7831212713d40ad265e8595d77a4) Importer(815301076,1909f56bfc062723c751e8b465ee728b)  -> (artifact id: '2a55d0506c2d315c26d3bb0d8c8ac4f4') in 0.073961 seconds 
========================================================================
Received Import Request.
  Time since last request: 13.498865 seconds.
  path: Assets/Prefab/Banana.prefab
  artifactKey: Guid(0708f84adee43ef4087217418093cf44) Importer(815301076,1909f56bfc062723c751e8b465ee728b)
Start importing Assets/Prefab/Banana.prefab using Guid(0708f84adee43ef4087217418093cf44) Importer(815301076,1909f56bfc062723c751e8b465ee728b)  -> (artifact id: '352be949d9d108cb011ccc756e752c03') in 0.048050 seconds 
========================================================================
Received Import Request.
  Time since last request: 1814.767031 seconds.
  path: Assets/Prefab/Banana.prefab
  artifactKey: Guid(0708f84adee43ef4087217418093cf44) Importer(815301076,1909f56bfc062723c751e8b465ee728b)
Start importing Assets/Prefab/Banana.prefab using Guid(0708f84adee43ef4087217418093cf44) Importer(815301076,1909f56bfc062723c751e8b465ee728b)  -> (artifact id: '7f4384a5bb78c3fa671d9553f39efaae') in 0.077941 seconds 
========================================================================
Received Import Request.
  Time since last request: 5.765762 seconds.
  path: Assets/Prefab/Cheese.prefab
  artifactKey: Guid(7b37cd92421d40942ad79a69fd34e018) Importer(815301076,1909f56bfc062723c751e8b465ee728b)
Start importing Assets/Prefab/Cheese.prefab using Guid(7b37cd92421d40942ad79a69fd34e018) Importer(815301076,1909f56bfc062723c751e8b465ee728b)  -> (artifact id: '3045df360663f7f988de585cfddb17ea') in 0.095829 seconds 
========================================================================
Received Import Request.
  Time since last request: 4.979998 seconds.
  path: Assets/Prefab/Cherry.prefab
  artifactKey: Guid(dc6e1b47d74a7e14dbc84ef755ea3a47) Importer(815301076,1909f56bfc062723c751e8b465ee728b)
Start importing Assets/Prefab/Cherry.prefab using Guid(dc6e1b47d74a7e14dbc84ef755ea3a47) Importer(815301076,1909f56bfc062723c751e8b465ee728b)  -> (artifact id: 'afc350ece4c69e66bd5e3b0cd838be6e') in 0.053301 seconds 
========================================================================
Received Import Request.
  Time since last request: 8.813272 seconds.
  path: Assets/Prefab/Hamburger.prefab
  artifactKey: Guid(96dc7831212713d40ad265e8595d77a4) Importer(815301076,1909f56bfc062723c751e8b465ee728b)
Start importing Assets/Prefab/Hamburger.prefab using Guid(96dc7831212713d40ad265e8595d77a4) Importer(815301076,1909f56bfc062723c751e8b465ee728b)  -> (artifact id: 'd301a925a7bfd5ffb4ab92182bd8d362') in 0.077524 seconds 
========================================================================
Received Import Request.
  Time since last request: 7.000785 seconds.
  path: Assets/Prefab/Hotdog.prefab
  artifactKey: Guid(cc9f610e448812e4091b4c69daadbfa9) Importer(815301076,1909f56bfc062723c751e8b465ee728b)
Start importing Assets/Prefab/Hotdog.prefab using Guid(cc9f610e448812e4091b4c69daadbfa9) Importer(815301076,1909f56bfc062723c751e8b465ee728b)  -> (artifact id: '65cb0f84a56685a59f2e5ad100d397df') in 0.048964 seconds 
========================================================================
Received Import Request.
  Time since last request: 3.942464 seconds.
  path: Assets/Prefab/Olive.prefab
  artifactKey: Guid(e7d409b8962a01848ae04d57355d8dce) Importer(815301076,1909f56bfc062723c751e8b465ee728b)
Start importing Assets/Prefab/Olive.prefab using Guid(e7d409b8962a01848ae04d57355d8dce) Importer(815301076,1909f56bfc062723c751e8b465ee728b)  -> (artifact id: 'b64f8fefee23aaac69c262ba1699e0fa') in 0.055844 seconds 
========================================================================
Received Import Request.
  Time since last request: 5.891200 seconds.
  path: Assets/Prefab/Watermelon.prefab
  artifactKey: Guid(b6d3c2b3696ae3143aa859d24a8d75c0) Importer(815301076,1909f56bfc062723c751e8b465ee728b)
Start importing Assets/Prefab/Watermelon.prefab using Guid(b6d3c2b3696ae3143aa859d24a8d75c0) Importer(815301076,1909f56bfc062723c751e8b465ee728b)  -> (artifact id: '217a438affbe4cbbfa59155c50e5ed19') in 0.048352 seconds 
========================================================================
Received Prepare
Registering precompiled user dll's ...
Registered in 0.126158 seconds.
Begin MonoManager ReloadAssembly
Native extension for WindowsStandalone target not found
Refreshing native plugins compatible for Editor in 2.28 ms, found 5 plugins.
Preloading 0 native plugins for Editor in 0.00 ms.
Mono: successfully reloaded assembly
- Completed reload, in  5.883 seconds
Domain Reload Profiling:
	ReloadAssembly (5886ms)
		BeginReloadAssembly (910ms)
			ExecutionOrderSort (0ms)
			DisableScriptedObjects (46ms)
			BackupInstance (0ms)
			ReleaseScriptingObjects (0ms)
			CreateAndSetChildDomain (365ms)
		EndReloadAssembly (4483ms)
			LoadAssemblies (649ms)
			RebuildTransferFunctionScriptingTraits (0ms)
			SetupTypeCache (1558ms)
			ReleaseScriptCaches (10ms)
			RebuildScriptCaches (252ms)
			SetupLoadedEditorAssemblies (1553ms)
				LogAssemblyErrors (0ms)
				InitializePlatformSupportModulesInManaged (24ms)
				SetLoadedEditorAssemblies (3ms)
				RefreshPlugins (3ms)
				BeforeProcessingInitializeOnLoad (312ms)
				ProcessInitializeOnLoadAttributes (1114ms)
				ProcessInitializeOnLoadMethodAttributes (50ms)
				AfterProcessingInitializeOnLoad (47ms)
				EditorAssembliesLoaded (1ms)
			ExecutionOrderSort2 (0ms)
			AwakeInstancesAfterBackupRestoration (38ms)
Platform modules already initialized, skipping
Refreshing native plugins compatible for Editor in 2.06 ms, found 5 plugins.
Preloading 0 native plugins for Editor in 0.00 ms.
Unloading 1646 Unused Serialized files (Serialized files now loaded: 0)
System memory in use before: 77.9 MB.
System memory in use after: 78.0 MB.

Unloading 18 unused Assets to reduce memory usage. Loaded Objects now: 2121.
Total: 13.204800 ms (FindLiveObjects: 0.668700 ms CreateObjectMapping: 0.255600 ms MarkObjects: 12.192000 ms  DeleteObjects: 0.084800 ms)

AssetImportParameters requested are different than current active one (requested -> active):
  custom:framework-win-MediaFoundation: 216162199b28c13a410421893ffa2e32 -> 
  custom:video-decoder-ogg-theora: a1e56fd34408186e4bbccfd4996cb3dc -> 
  custom:container-muxer-webm: aa71ff27fc2769a1b78a27578f13a17b -> 
  custom:container-demuxer-webm: 4f35f7cbe854078d1ac9338744f61a02 -> 
  custom:container-demuxer-ogg: 62fdf1f143b41e24485cea50d1cbac27 -> 
  custom:video-encoder-webm-vp8: eb34c28f22e8b96e1ab97ce403110664 -> 
  custom:video-decoder-webm-vp8: 9c59270c3fd7afecdb556c50c9e8de78 -> 
  custom:audio-decoder-ogg-vorbis: bf7c407c2cedff20999df2af8eb42d56 -> 
  custom:audio-encoder-webm-vorbis: bf7c407c2cedff20999df2af8eb42d56 -> 
========================================================================
Received Prepare
Registering precompiled user dll's ...
Registered in 0.020398 seconds.
Begin MonoManager ReloadAssembly
Native extension for WindowsStandalone target not found
Refreshing native plugins compatible for Editor in 3.88 ms, found 5 plugins.
Preloading 0 native plugins for Editor in 0.00 ms.
Mono: successfully reloaded assembly
- Completed reload, in  8.628 seconds
Domain Reload Profiling:
	ReloadAssembly (8630ms)
		BeginReloadAssembly (581ms)
			ExecutionOrderSort (0ms)
			DisableScriptedObjects (29ms)
			BackupInstance (0ms)
			ReleaseScriptingObjects (0ms)
			CreateAndSetChildDomain (127ms)
		EndReloadAssembly (7663ms)
			LoadAssemblies (552ms)
			RebuildTransferFunctionScriptingTraits (0ms)
			SetupTypeCache (1483ms)
			ReleaseScriptCaches (3ms)
			RebuildScriptCaches (478ms)
			SetupLoadedEditorAssemblies (3925ms)
				LogAssemblyErrors (0ms)
				InitializePlatformSupportModulesInManaged (35ms)
				SetLoadedEditorAssemblies (2ms)
				RefreshPlugins (4ms)
				BeforeProcessingInitializeOnLoad (295ms)
				ProcessInitializeOnLoadAttributes (2914ms)
				ProcessInitializeOnLoadMethodAttributes (193ms)
				AfterProcessingInitializeOnLoad (404ms)
				EditorAssembliesLoaded (77ms)
			ExecutionOrderSort2 (0ms)
			AwakeInstancesAfterBackupRestoration (315ms)
Platform modules already initialized, skipping
Refreshing native plugins compatible for Editor in 4.56 ms, found 5 plugins.
Preloading 0 native plugins for Editor in 0.00 ms.
Unloading 1646 Unused Serialized files (Serialized files now loaded: 0)
System memory in use before: 77.9 MB.
System memory in use after: 78.1 MB.

Unloading 18 unused Assets to reduce memory usage. Loaded Objects now: 2124.
Total: 31.178500 ms (FindLiveObjects: 5.513400 ms CreateObjectMapping: 1.424800 ms MarkObjects: 24.111800 ms  DeleteObjects: 0.122500 ms)

AssetImportParameters requested are different than current active one (requested -> active):
  custom:framework-win-MediaFoundation: 216162199b28c13a410421893ffa2e32 -> 
  custom:video-decoder-ogg-theora: a1e56fd34408186e4bbccfd4996cb3dc -> 
  custom:container-muxer-webm: aa71ff27fc2769a1b78a27578f13a17b -> 
  custom:container-demuxer-webm: 4f35f7cbe854078d1ac9338744f61a02 -> 
  custom:container-demuxer-ogg: 62fdf1f143b41e24485cea50d1cbac27 -> 
  custom:video-encoder-webm-vp8: eb34c28f22e8b96e1ab97ce403110664 -> 
  custom:video-decoder-webm-vp8: 9c59270c3fd7afecdb556c50c9e8de78 -> 
  custom:audio-decoder-ogg-vorbis: bf7c407c2cedff20999df2af8eb42d56 -> 
  custom:audio-encoder-webm-vorbis: bf7c407c2cedff20999df2af8eb42d56 -> 
========================================================================
Received Import Request.
  Time since last request: 382.234236 seconds.
  path: Assets/Prefab/Hotdog.prefab
  artifactKey: Guid(cc9f610e448812e4091b4c69daadbfa9) Importer(815301076,1909f56bfc062723c751e8b465ee728b)
Start importing Assets/Prefab/Hotdog.prefab using Guid(cc9f610e448812e4091b4c69daadbfa9) Importer(815301076,1909f56bfc062723c751e8b465ee728b)  -> (artifact id: 'b90198450fd35fa33f3fe5516df5cffc') in 0.324497 seconds 
========================================================================
Received Import Request.
  Time since last request: 5.951830 seconds.
  path: Assets/Prefab/Hotdog.prefab
  artifactKey: Guid(cc9f610e448812e4091b4c69daadbfa9) Importer(815301076,1909f56bfc062723c751e8b465ee728b)
Start importing Assets/Prefab/Hotdog.prefab using Guid(cc9f610e448812e4091b4c69daadbfa9) Importer(815301076,1909f56bfc062723c751e8b465ee728b)  -> (artifact id: 'f609b84e9ebf89fac2e3eb4dbf01dd8d') in 0.048637 seconds 
========================================================================
Received Import Request.
  Time since last request: 7.360196 seconds.
  path: Assets/Prefab/Olive.prefab
  artifactKey: Guid(e7d409b8962a01848ae04d57355d8dce) Importer(815301076,1909f56bfc062723c751e8b465ee728b)
Start importing Assets/Prefab/Olive.prefab using Guid(e7d409b8962a01848ae04d57355d8dce) Importer(815301076,1909f56bfc062723c751e8b465ee728b)  -> (artifact id: 'fe7de93341d8b533fd1c09463fe6cc41') in 0.054562 seconds 
========================================================================
Received Import Request.
  Time since last request: 1.580253 seconds.
  path: Assets/Prefab/Olive.prefab
  artifactKey: Guid(e7d409b8962a01848ae04d57355d8dce) Importer(815301076,1909f56bfc062723c751e8b465ee728b)
Start importing Assets/Prefab/Olive.prefab using Guid(e7d409b8962a01848ae04d57355d8dce) Importer(815301076,1909f56bfc062723c751e8b465ee728b)  -> (artifact id: '8fc64ef7ea8537a5a65b3e6440aa3138') in 0.052510 seconds 
========================================================================
Received Import Request.
  Time since last request: 8.208089 seconds.
  path: Assets/Prefab/Watermelon.prefab
  artifactKey: Guid(b6d3c2b3696ae3143aa859d24a8d75c0) Importer(815301076,1909f56bfc062723c751e8b465ee728b)
Start importing Assets/Prefab/Watermelon.prefab using Guid(b6d3c2b3696ae3143aa859d24a8d75c0) Importer(815301076,1909f56bfc062723c751e8b465ee728b)  -> (artifact id: '7a4e203541fc71a60cbab19f89ad650a') in 0.062857 seconds 
========================================================================
Received Import Request.
  Time since last request: 3.711597 seconds.
  path: Assets/Prefab/Watermelon.prefab
  artifactKey: Guid(b6d3c2b3696ae3143aa859d24a8d75c0) Importer(815301076,1909f56bfc062723c751e8b465ee728b)
Start importing Assets/Prefab/Watermelon.prefab using Guid(b6d3c2b3696ae3143aa859d24a8d75c0) Importer(815301076,1909f56bfc062723c751e8b465ee728b)  -> (artifact id: 'fa64e22ac9be42d9216e95190ab0c739') in 0.055776 seconds 
========================================================================
Received Import Request.
  Time since last request: 14.617487 seconds.
  path: Assets/Prefab/Cheese.prefab
  artifactKey: Guid(7b37cd92421d40942ad79a69fd34e018) Importer(815301076,1909f56bfc062723c751e8b465ee728b)
Start importing Assets/Prefab/Cheese.prefab using Guid(7b37cd92421d40942ad79a69fd34e018) Importer(815301076,1909f56bfc062723c751e8b465ee728b)  -> (artifact id: 'fe00d1bda7c4e720daa3153451b84a38') in 0.156958 seconds 
========================================================================
Received Import Request.
  Time since last request: 1.527436 seconds.
  path: Assets/Prefab/Cheese.prefab
  artifactKey: Guid(7b37cd92421d40942ad79a69fd34e018) Importer(815301076,1909f56bfc062723c751e8b465ee728b)
Start importing Assets/Prefab/Cheese.prefab using Guid(7b37cd92421d40942ad79a69fd34e018) Importer(815301076,1909f56bfc062723c751e8b465ee728b)  -> (artifact id: '63a2d44e41d44843a8cd51fd7804c9d8') in 0.063476 seconds 
========================================================================
Received Import Request.
  Time since last request: 7.877519 seconds.
  path: Assets/Prefab/Cherry.prefab
  artifactKey: Guid(dc6e1b47d74a7e14dbc84ef755ea3a47) Importer(815301076,1909f56bfc062723c751e8b465ee728b)
Start importing Assets/Prefab/Cherry.prefab using Guid(dc6e1b47d74a7e14dbc84ef755ea3a47) Importer(815301076,1909f56bfc062723c751e8b465ee728b)  -> (artifact id: '04e59dc93a4f8de53637025f2460e780') in 0.078256 seconds 
========================================================================
Received Import Request.
  Time since last request: 1.659424 seconds.
  path: Assets/Prefab/Cherry.prefab
  artifactKey: Guid(dc6e1b47d74a7e14dbc84ef755ea3a47) Importer(815301076,1909f56bfc062723c751e8b465ee728b)
Start importing Assets/Prefab/Cherry.prefab using Guid(dc6e1b47d74a7e14dbc84ef755ea3a47) Importer(815301076,1909f56bfc062723c751e8b465ee728b)  -> (artifact id: 'cfc023984c0a752351e30842b0f8c999') in 0.050554 seconds 
========================================================================
Received Import Request.
  Time since last request: 6.356872 seconds.
  path: Assets/Prefab/Hamburger.prefab
  artifactKey: Guid(96dc7831212713d40ad265e8595d77a4) Importer(815301076,1909f56bfc062723c751e8b465ee728b)
Start importing Assets/Prefab/Hamburger.prefab using Guid(96dc7831212713d40ad265e8595d77a4) Importer(815301076,1909f56bfc062723c751e8b465ee728b)  -> (artifact id: '9c845fa7131c64c7a3143f5a723e002b') in 0.081108 seconds 
========================================================================
Received Import Request.
  Time since last request: 2.814927 seconds.
  path: Assets/Prefab/Hamburger.prefab
  artifactKey: Guid(96dc7831212713d40ad265e8595d77a4) Importer(815301076,1909f56bfc062723c751e8b465ee728b)
Start importing Assets/Prefab/Hamburger.prefab using Guid(96dc7831212713d40ad265e8595d77a4) Importer(815301076,1909f56bfc062723c751e8b465ee728b)  -> (artifact id: '6defe53248e8669a1517797dc108838f') in 0.071663 seconds 
========================================================================
Received Import Request.
  Time since last request: 7.582588 seconds.
  path: Assets/Prefab/Hotdog.prefab
  artifactKey: Guid(cc9f610e448812e4091b4c69daadbfa9) Importer(815301076,1909f56bfc062723c751e8b465ee728b)
Start importing Assets/Prefab/Hotdog.prefab using Guid(cc9f610e448812e4091b4c69daadbfa9) Importer(815301076,1909f56bfc062723c751e8b465ee728b)  -> (artifact id: 'e6c8a8a97745fa01010f2a25a8f81b91') in 0.048428 seconds 
========================================================================
Received Import Request.
  Time since last request: 6.394471 seconds.
  path: Assets/Prefab/Hotdog.prefab
  artifactKey: Guid(cc9f610e448812e4091b4c69daadbfa9) Importer(815301076,1909f56bfc062723c751e8b465ee728b)
Start importing Assets/Prefab/Hotdog.prefab using Guid(cc9f610e448812e4091b4c69daadbfa9) Importer(815301076,1909f56bfc062723c751e8b465ee728b)  -> (artifact id: '9af41144421eec34022bee0d18c84262') in 0.045888 seconds 
AssetImportWorkerClient::OnTransportError - code=2 error=End of file
